<?xml version="1.0" encoding="UTF-8"?>
<testsuite xmlns:xsi="http://www.w3.org/2001/XMLSchema-instance" xsi:noNamespaceSchemaLocation="https://maven.apache.org/surefire/maven-surefire-plugin/xsd/surefire-test-report.xsd" name="com.webberis.ms.authenticationserver.AuthenticationServerApplicationTests" time="4.006" tests="1" errors="0" skipped="0" failures="0">
  <properties>
    <property name="sun.desktop" value="gnome"/>
    <property name="awt.toolkit" value="sun.awt.X11.XToolkit"/>
    <property name="java.specification.version" value="11"/>
    <property name="sun.cpu.isalist" value=""/>
    <property name="sun.jnu.encoding" value="UTF-8"/>
    <property name="java.class.path" value="/home/alvaro/Projects/webberis/spring/authentication-server/target/test-classes:/home/alvaro/Projects/webberis/spring/authentication-server/target/classes:/home/alvaro/.m2/repository/org/springframework/boot/spring-boot-starter-actuator/2.1.1.RELEASE/spring-boot-starter-actuator-2.1.1.RELEASE.jar:/home/alvaro/.m2/repository/org/springframework/boot/spring-boot-starter/2.1.1.RELEASE/spring-boot-starter-2.1.1.RELEASE.jar:/home/alvaro/.m2/repository/org/springframework/boot/spring-boot/2.1.1.RELEASE/spring-boot-2.1.1.RELEASE.jar:/home/alvaro/.m2/repository/org/springframework/boot/spring-boot-autoconfigure/2.1.1.RELEASE/spring-boot-autoconfigure-2.1.1.RELEASE.jar:/home/alvaro/.m2/repository/org/springframework/boot/spring-boot-starter-logging/2.1.1.RELEASE/spring-boot-starter-logging-2.1.1.RELEASE.jar:/home/alvaro/.m2/repository/ch/qos/logback/logback-classic/1.2.3/logback-classic-1.2.3.jar:/home/alvaro/.m2/repository/ch/qos/logback/logback-core/1.2.3/logback-core-1.2.3.jar:/home/alvaro/.m2/repository/org/apache/logging/log4j/log4j-to-slf4j/2.11.1/log4j-to-slf4j-2.11.1.jar:/home/alvaro/.m2/repository/org/apache/logging/log4j/log4j-api/2.11.1/log4j-api-2.11.1.jar:/home/alvaro/.m2/repository/org/slf4j/jul-to-slf4j/1.7.25/jul-to-slf4j-1.7.25.jar:/home/alvaro/.m2/repository/javax/annotation/javax.annotation-api/1.3.2/javax.annotation-api-1.3.2.jar:/home/alvaro/.m2/repository/org/yaml/snakeyaml/1.23/snakeyaml-1.23.jar:/home/alvaro/.m2/repository/org/springframework/boot/spring-boot-actuator-autoconfigure/2.1.1.RELEASE/spring-boot-actuator-autoconfigure-2.1.1.RELEASE.jar:/home/alvaro/.m2/repository/org/springframework/boot/spring-boot-actuator/2.1.1.RELEASE/spring-boot-actuator-2.1.1.RELEASE.jar:/home/alvaro/.m2/repository/com/fasterxml/jackson/core/jackson-databind/2.9.7/jackson-databind-2.9.7.jar:/home/alvaro/.m2/repository/com/fasterxml/jackson/core/jackson-core/2.9.7/jackson-core-2.9.7.jar:/home/alvaro/.m2/repository/org/springframework/spring-context/5.1.3.RELEASE/spring-context-5.1.3.RELEASE.jar:/home/alvaro/.m2/repository/com/fasterxml/jackson/datatype/jackson-datatype-jsr310/2.9.7/jackson-datatype-jsr310-2.9.7.jar:/home/alvaro/.m2/repository/io/micrometer/micrometer-core/1.1.1/micrometer-core-1.1.1.jar:/home/alvaro/.m2/repository/org/hdrhistogram/HdrHistogram/2.1.9/HdrHistogram-2.1.9.jar:/home/alvaro/.m2/repository/org/latencyutils/LatencyUtils/2.0.3/LatencyUtils-2.0.3.jar:/home/alvaro/.m2/repository/org/springframework/boot/spring-boot-starter-web/2.1.1.RELEASE/spring-boot-starter-web-2.1.1.RELEASE.jar:/home/alvaro/.m2/repository/org/springframework/boot/spring-boot-starter-json/2.1.1.RELEASE/spring-boot-starter-json-2.1.1.RELEASE.jar:/home/alvaro/.m2/repository/com/fasterxml/jackson/datatype/jackson-datatype-jdk8/2.9.7/jackson-datatype-jdk8-2.9.7.jar:/home/alvaro/.m2/repository/com/fasterxml/jackson/module/jackson-module-parameter-names/2.9.7/jackson-module-parameter-names-2.9.7.jar:/home/alvaro/.m2/repository/org/springframework/boot/spring-boot-starter-tomcat/2.1.1.RELEASE/spring-boot-starter-tomcat-2.1.1.RELEASE.jar:/home/alvaro/.m2/repository/org/apache/tomcat/embed/tomcat-embed-core/9.0.13/tomcat-embed-core-9.0.13.jar:/home/alvaro/.m2/repository/org/apache/tomcat/embed/tomcat-embed-el/9.0.13/tomcat-embed-el-9.0.13.jar:/home/alvaro/.m2/repository/org/apache/tomcat/embed/tomcat-embed-websocket/9.0.13/tomcat-embed-websocket-9.0.13.jar:/home/alvaro/.m2/repository/org/hibernate/validator/hibernate-validator/6.0.13.Final/hibernate-validator-6.0.13.Final.jar:/home/alvaro/.m2/repository/javax/validation/validation-api/2.0.1.Final/validation-api-2.0.1.Final.jar:/home/alvaro/.m2/repository/org/jboss/logging/jboss-logging/3.3.2.Final/jboss-logging-3.3.2.Final.jar:/home/alvaro/.m2/repository/com/fasterxml/classmate/1.4.0/classmate-1.4.0.jar:/home/alvaro/.m2/repository/org/springframework/spring-web/5.1.3.RELEASE/spring-web-5.1.3.RELEASE.jar:/home/alvaro/.m2/repository/org/springframework/spring-beans/5.1.3.RELEASE/spring-beans-5.1.3.RELEASE.jar:/home/alvaro/.m2/repository/org/springframework/spring-webmvc/5.1.3.RELEASE/spring-webmvc-5.1.3.RELEASE.jar:/home/alvaro/.m2/repository/org/springframework/spring-aop/5.1.3.RELEASE/spring-aop-5.1.3.RELEASE.jar:/home/alvaro/.m2/repository/org/springframework/spring-expression/5.1.3.RELEASE/spring-expression-5.1.3.RELEASE.jar:/home/alvaro/.m2/repository/org/springframework/cloud/spring-cloud-starter-oauth2/2.1.0.M1/spring-cloud-starter-oauth2-2.1.0.M1.jar:/home/alvaro/.m2/repository/org/springframework/cloud/spring-cloud-starter-security/2.1.0.M1/spring-cloud-starter-security-2.1.0.M1.jar:/home/alvaro/.m2/repository/org/springframework/cloud/spring-cloud-starter/2.1.0.M2/spring-cloud-starter-2.1.0.M2.jar:/home/alvaro/.m2/repository/org/springframework/cloud/spring-cloud-context/2.1.0.M2/spring-cloud-context-2.1.0.M2.jar:/home/alvaro/.m2/repository/org/springframework/security/spring-security-crypto/5.1.2.RELEASE/spring-security-crypto-5.1.2.RELEASE.jar:/home/alvaro/.m2/repository/org/springframework/cloud/spring-cloud-commons/2.1.0.M2/spring-cloud-commons-2.1.0.M2.jar:/home/alvaro/.m2/repository/org/springframework/security/spring-security-rsa/1.0.7.RELEASE/spring-security-rsa-1.0.7.RELEASE.jar:/home/alvaro/.m2/repository/org/springframework/cloud/spring-cloud-security/2.1.0.M1/spring-cloud-security-2.1.0.M1.jar:/home/alvaro/.m2/repository/org/springframework/boot/spring-boot-starter-security/2.1.1.RELEASE/spring-boot-starter-security-2.1.1.RELEASE.jar:/home/alvaro/.m2/repository/org/springframework/security/oauth/boot/spring-security-oauth2-autoconfigure/2.1.0.M4/spring-security-oauth2-autoconfigure-2.1.0.M4.jar:/home/alvaro/.m2/repository/com/fasterxml/jackson/core/jackson-annotations/2.9.0/jackson-annotations-2.9.0.jar:/home/alvaro/.m2/repository/org/springframework/security/oauth/spring-security-oauth2/2.3.3.RELEASE/spring-security-oauth2-2.3.3.RELEASE.jar:/home/alvaro/.m2/repository/org/springframework/security/spring-security-core/5.1.2.RELEASE/spring-security-core-5.1.2.RELEASE.jar:/home/alvaro/.m2/repository/org/springframework/security/spring-security-config/5.1.2.RELEASE/spring-security-config-5.1.2.RELEASE.jar:/home/alvaro/.m2/repository/org/springframework/security/spring-security-web/5.1.2.RELEASE/spring-security-web-5.1.2.RELEASE.jar:/home/alvaro/.m2/repository/commons-codec/commons-codec/1.11/commons-codec-1.11.jar:/home/alvaro/.m2/repository/org/codehaus/jackson/jackson-mapper-asl/1.9.13/jackson-mapper-asl-1.9.13.jar:/home/alvaro/.m2/repository/org/codehaus/jackson/jackson-core-asl/1.9.13/jackson-core-asl-1.9.13.jar:/home/alvaro/.m2/repository/org/springframework/security/spring-security-jwt/1.0.9.RELEASE/spring-security-jwt-1.0.9.RELEASE.jar:/home/alvaro/.m2/repository/org/bouncycastle/bcpkix-jdk15on/1.56/bcpkix-jdk15on-1.56.jar:/home/alvaro/.m2/repository/org/bouncycastle/bcprov-jdk15on/1.56/bcprov-jdk15on-1.56.jar:/home/alvaro/.m2/repository/javax/activation/javax.activation-api/1.2.0/javax.activation-api-1.2.0.jar:/home/alvaro/.m2/repository/javax/xml/bind/jaxb-api/2.3.1/jaxb-api-2.3.1.jar:/home/alvaro/.m2/repository/org/springframework/boot/spring-boot-starter-test/2.1.1.RELEASE/spring-boot-starter-test-2.1.1.RELEASE.jar:/home/alvaro/.m2/repository/org/springframework/boot/spring-boot-test/2.1.1.RELEASE/spring-boot-test-2.1.1.RELEASE.jar:/home/alvaro/.m2/repository/org/springframework/boot/spring-boot-test-autoconfigure/2.1.1.RELEASE/spring-boot-test-autoconfigure-2.1.1.RELEASE.jar:/home/alvaro/.m2/repository/com/jayway/jsonpath/json-path/2.4.0/json-path-2.4.0.jar:/home/alvaro/.m2/repository/net/minidev/json-smart/2.3/json-smart-2.3.jar:/home/alvaro/.m2/repository/net/minidev/accessors-smart/1.2/accessors-smart-1.2.jar:/home/alvaro/.m2/repository/org/ow2/asm/asm/5.0.4/asm-5.0.4.jar:/home/alvaro/.m2/repository/org/slf4j/slf4j-api/1.7.25/slf4j-api-1.7.25.jar:/home/alvaro/.m2/repository/junit/junit/4.12/junit-4.12.jar:/home/alvaro/.m2/repository/org/assertj/assertj-core/3.11.1/assertj-core-3.11.1.jar:/home/alvaro/.m2/repository/org/mockito/mockito-core/2.23.4/mockito-core-2.23.4.jar:/home/alvaro/.m2/repository/net/bytebuddy/byte-buddy/1.9.5/byte-buddy-1.9.5.jar:/home/alvaro/.m2/repository/net/bytebuddy/byte-buddy-agent/1.9.5/byte-buddy-agent-1.9.5.jar:/home/alvaro/.m2/repository/org/objenesis/objenesis/2.6/objenesis-2.6.jar:/home/alvaro/.m2/repository/org/hamcrest/hamcrest-core/1.3/hamcrest-core-1.3.jar:/home/alvaro/.m2/repository/org/hamcrest/hamcrest-library/1.3/hamcrest-library-1.3.jar:/home/alvaro/.m2/repository/org/skyscreamer/jsonassert/1.5.0/jsonassert-1.5.0.jar:/home/alvaro/.m2/repository/com/vaadin/external/google/android-json/0.0.20131108.vaadin1/android-json-0.0.20131108.vaadin1.jar:/home/alvaro/.m2/repository/org/springframework/spring-core/5.1.3.RELEASE/spring-core-5.1.3.RELEASE.jar:/home/alvaro/.m2/repository/org/springframework/spring-jcl/5.1.3.RELEASE/spring-jcl-5.1.3.RELEASE.jar:/home/alvaro/.m2/repository/org/springframework/spring-test/5.1.3.RELEASE/spring-test-5.1.3.RELEASE.jar:/home/alvaro/.m2/repository/org/xmlunit/xmlunit-core/2.6.2/xmlunit-core-2.6.2.jar:"/>
    <property name="java.vm.vendor" value="Oracle Corporation"/>
    <property name="sun.arch.data.model" value="64"/>
    <property name="java.vendor.url" value="http://java.oracle.com/"/>
    <property name="user.timezone" value=""/>
    <property name="java.vm.specification.version" value="11"/>
    <property name="os.name" value="Linux"/>
    <property name="sun.java.launcher" value="SUN_STANDARD"/>
    <property name="user.country" value="IE"/>
    <property name="sun.boot.library.path" value="/usr/lib/jvm/jdk-11/lib"/>
    <property name="sun.java.command" value="/home/alvaro/Projects/webberis/spring/authentication-server/target/surefire/surefirebooter15442189083164867082.jar /home/alvaro/Projects/webberis/spring/authentication-server/target/surefire 2018-12-11T19-55-27_942-jvmRun1 surefire15600236722272438387tmp surefire_012502877098355375672tmp"/>
    <property name="jdk.debug" value="release"/>
    <property name="surefire.test.class.path" value="/home/alvaro/Projects/webberis/spring/authentication-server/target/test-classes:/home/alvaro/Projects/webberis/spring/authentication-server/target/classes:/home/alvaro/.m2/repository/org/springframework/boot/spring-boot-starter-actuator/2.1.1.RELEASE/spring-boot-starter-actuator-2.1.1.RELEASE.jar:/home/alvaro/.m2/repository/org/springframework/boot/spring-boot-starter/2.1.1.RELEASE/spring-boot-starter-2.1.1.RELEASE.jar:/home/alvaro/.m2/repository/org/springframework/boot/spring-boot/2.1.1.RELEASE/spring-boot-2.1.1.RELEASE.jar:/home/alvaro/.m2/repository/org/springframework/boot/spring-boot-autoconfigure/2.1.1.RELEASE/spring-boot-autoconfigure-2.1.1.RELEASE.jar:/home/alvaro/.m2/repository/org/springframework/boot/spring-boot-starter-logging/2.1.1.RELEASE/spring-boot-starter-logging-2.1.1.RELEASE.jar:/home/alvaro/.m2/repository/ch/qos/logback/logback-classic/1.2.3/logback-classic-1.2.3.jar:/home/alvaro/.m2/repository/ch/qos/logback/logback-core/1.2.3/logback-core-1.2.3.jar:/home/alvaro/.m2/repository/org/apache/logging/log4j/log4j-to-slf4j/2.11.1/log4j-to-slf4j-2.11.1.jar:/home/alvaro/.m2/repository/org/apache/logging/log4j/log4j-api/2.11.1/log4j-api-2.11.1.jar:/home/alvaro/.m2/repository/org/slf4j/jul-to-slf4j/1.7.25/jul-to-slf4j-1.7.25.jar:/home/alvaro/.m2/repository/javax/annotation/javax.annotation-api/1.3.2/javax.annotation-api-1.3.2.jar:/home/alvaro/.m2/repository/org/yaml/snakeyaml/1.23/snakeyaml-1.23.jar:/home/alvaro/.m2/repository/org/springframework/boot/spring-boot-actuator-autoconfigure/2.1.1.RELEASE/spring-boot-actuator-autoconfigure-2.1.1.RELEASE.jar:/home/alvaro/.m2/repository/org/springframework/boot/spring-boot-actuator/2.1.1.RELEASE/spring-boot-actuator-2.1.1.RELEASE.jar:/home/alvaro/.m2/repository/com/fasterxml/jackson/core/jackson-databind/2.9.7/jackson-databind-2.9.7.jar:/home/alvaro/.m2/repository/com/fasterxml/jackson/core/jackson-core/2.9.7/jackson-core-2.9.7.jar:/home/alvaro/.m2/repository/org/springframework/spring-context/5.1.3.RELEASE/spring-context-5.1.3.RELEASE.jar:/home/alvaro/.m2/repository/com/fasterxml/jackson/datatype/jackson-datatype-jsr310/2.9.7/jackson-datatype-jsr310-2.9.7.jar:/home/alvaro/.m2/repository/io/micrometer/micrometer-core/1.1.1/micrometer-core-1.1.1.jar:/home/alvaro/.m2/repository/org/hdrhistogram/HdrHistogram/2.1.9/HdrHistogram-2.1.9.jar:/home/alvaro/.m2/repository/org/latencyutils/LatencyUtils/2.0.3/LatencyUtils-2.0.3.jar:/home/alvaro/.m2/repository/org/springframework/boot/spring-boot-starter-web/2.1.1.RELEASE/spring-boot-starter-web-2.1.1.RELEASE.jar:/home/alvaro/.m2/repository/org/springframework/boot/spring-boot-starter-json/2.1.1.RELEASE/spring-boot-starter-json-2.1.1.RELEASE.jar:/home/alvaro/.m2/repository/com/fasterxml/jackson/datatype/jackson-datatype-jdk8/2.9.7/jackson-datatype-jdk8-2.9.7.jar:/home/alvaro/.m2/repository/com/fasterxml/jackson/module/jackson-module-parameter-names/2.9.7/jackson-module-parameter-names-2.9.7.jar:/home/alvaro/.m2/repository/org/springframework/boot/spring-boot-starter-tomcat/2.1.1.RELEASE/spring-boot-starter-tomcat-2.1.1.RELEASE.jar:/home/alvaro/.m2/repository/org/apache/tomcat/embed/tomcat-embed-core/9.0.13/tomcat-embed-core-9.0.13.jar:/home/alvaro/.m2/repository/org/apache/tomcat/embed/tomcat-embed-el/9.0.13/tomcat-embed-el-9.0.13.jar:/home/alvaro/.m2/repository/org/apache/tomcat/embed/tomcat-embed-websocket/9.0.13/tomcat-embed-websocket-9.0.13.jar:/home/alvaro/.m2/repository/org/hibernate/validator/hibernate-validator/6.0.13.Final/hibernate-validator-6.0.13.Final.jar:/home/alvaro/.m2/repository/javax/validation/validation-api/2.0.1.Final/validation-api-2.0.1.Final.jar:/home/alvaro/.m2/repository/org/jboss/logging/jboss-logging/3.3.2.Final/jboss-logging-3.3.2.Final.jar:/home/alvaro/.m2/repository/com/fasterxml/classmate/1.4.0/classmate-1.4.0.jar:/home/alvaro/.m2/repository/org/springframework/spring-web/5.1.3.RELEASE/spring-web-5.1.3.RELEASE.jar:/home/alvaro/.m2/repository/org/springframework/spring-beans/5.1.3.RELEASE/spring-beans-5.1.3.RELEASE.jar:/home/alvaro/.m2/repository/org/springframework/spring-webmvc/5.1.3.RELEASE/spring-webmvc-5.1.3.RELEASE.jar:/home/alvaro/.m2/repository/org/springframework/spring-aop/5.1.3.RELEASE/spring-aop-5.1.3.RELEASE.jar:/home/alvaro/.m2/repository/org/springframework/spring-expression/5.1.3.RELEASE/spring-expression-5.1.3.RELEASE.jar:/home/alvaro/.m2/repository/org/springframework/cloud/spring-cloud-starter-oauth2/2.1.0.M1/spring-cloud-starter-oauth2-2.1.0.M1.jar:/home/alvaro/.m2/repository/org/springframework/cloud/spring-cloud-starter-security/2.1.0.M1/spring-cloud-starter-security-2.1.0.M1.jar:/home/alvaro/.m2/repository/org/springframework/cloud/spring-cloud-starter/2.1.0.M2/spring-cloud-starter-2.1.0.M2.jar:/home/alvaro/.m2/repository/org/springframework/cloud/spring-cloud-context/2.1.0.M2/spring-cloud-context-2.1.0.M2.jar:/home/alvaro/.m2/repository/org/springframework/security/spring-security-crypto/5.1.2.RELEASE/spring-security-crypto-5.1.2.RELEASE.jar:/home/alvaro/.m2/repository/org/springframework/cloud/spring-cloud-commons/2.1.0.M2/spring-cloud-commons-2.1.0.M2.jar:/home/alvaro/.m2/repository/org/springframework/security/spring-security-rsa/1.0.7.RELEASE/spring-security-rsa-1.0.7.RELEASE.jar:/home/alvaro/.m2/repository/org/springframework/cloud/spring-cloud-security/2.1.0.M1/spring-cloud-security-2.1.0.M1.jar:/home/alvaro/.m2/repository/org/springframework/boot/spring-boot-starter-security/2.1.1.RELEASE/spring-boot-starter-security-2.1.1.RELEASE.jar:/home/alvaro/.m2/repository/org/springframework/security/oauth/boot/spring-security-oauth2-autoconfigure/2.1.0.M4/spring-security-oauth2-autoconfigure-2.1.0.M4.jar:/home/alvaro/.m2/repository/com/fasterxml/jackson/core/jackson-annotations/2.9.0/jackson-annotations-2.9.0.jar:/home/alvaro/.m2/repository/org/springframework/security/oauth/spring-security-oauth2/2.3.3.RELEASE/spring-security-oauth2-2.3.3.RELEASE.jar:/home/alvaro/.m2/repository/org/springframework/security/spring-security-core/5.1.2.RELEASE/spring-security-core-5.1.2.RELEASE.jar:/home/alvaro/.m2/repository/org/springframework/security/spring-security-config/5.1.2.RELEASE/spring-security-config-5.1.2.RELEASE.jar:/home/alvaro/.m2/repository/org/springframework/security/spring-security-web/5.1.2.RELEASE/spring-security-web-5.1.2.RELEASE.jar:/home/alvaro/.m2/repository/commons-codec/commons-codec/1.11/commons-codec-1.11.jar:/home/alvaro/.m2/repository/org/codehaus/jackson/jackson-mapper-asl/1.9.13/jackson-mapper-asl-1.9.13.jar:/home/alvaro/.m2/repository/org/codehaus/jackson/jackson-core-asl/1.9.13/jackson-core-asl-1.9.13.jar:/home/alvaro/.m2/repository/org/springframework/security/spring-security-jwt/1.0.9.RELEASE/spring-security-jwt-1.0.9.RELEASE.jar:/home/alvaro/.m2/repository/org/bouncycastle/bcpkix-jdk15on/1.56/bcpkix-jdk15on-1.56.jar:/home/alvaro/.m2/repository/org/bouncycastle/bcprov-jdk15on/1.56/bcprov-jdk15on-1.56.jar:/home/alvaro/.m2/repository/javax/activation/javax.activation-api/1.2.0/javax.activation-api-1.2.0.jar:/home/alvaro/.m2/repository/javax/xml/bind/jaxb-api/2.3.1/jaxb-api-2.3.1.jar:/home/alvaro/.m2/repository/org/springframework/boot/spring-boot-starter-test/2.1.1.RELEASE/spring-boot-starter-test-2.1.1.RELEASE.jar:/home/alvaro/.m2/repository/org/springframework/boot/spring-boot-test/2.1.1.RELEASE/spring-boot-test-2.1.1.RELEASE.jar:/home/alvaro/.m2/repository/org/springframework/boot/spring-boot-test-autoconfigure/2.1.1.RELEASE/spring-boot-test-autoconfigure-2.1.1.RELEASE.jar:/home/alvaro/.m2/repository/com/jayway/jsonpath/json-path/2.4.0/json-path-2.4.0.jar:/home/alvaro/.m2/repository/net/minidev/json-smart/2.3/json-smart-2.3.jar:/home/alvaro/.m2/repository/net/minidev/accessors-smart/1.2/accessors-smart-1.2.jar:/home/alvaro/.m2/repository/org/ow2/asm/asm/5.0.4/asm-5.0.4.jar:/home/alvaro/.m2/repository/org/slf4j/slf4j-api/1.7.25/slf4j-api-1.7.25.jar:/home/alvaro/.m2/repository/junit/junit/4.12/junit-4.12.jar:/home/alvaro/.m2/repository/org/assertj/assertj-core/3.11.1/assertj-core-3.11.1.jar:/home/alvaro/.m2/repository/org/mockito/mockito-core/2.23.4/mockito-core-2.23.4.jar:/home/alvaro/.m2/repository/net/bytebuddy/byte-buddy/1.9.5/byte-buddy-1.9.5.jar:/home/alvaro/.m2/repository/net/bytebuddy/byte-buddy-agent/1.9.5/byte-buddy-agent-1.9.5.jar:/home/alvaro/.m2/repository/org/objenesis/objenesis/2.6/objenesis-2.6.jar:/home/alvaro/.m2/repository/org/hamcrest/hamcrest-core/1.3/hamcrest-core-1.3.jar:/home/alvaro/.m2/repository/org/hamcrest/hamcrest-library/1.3/hamcrest-library-1.3.jar:/home/alvaro/.m2/repository/org/skyscreamer/jsonassert/1.5.0/jsonassert-1.5.0.jar:/home/alvaro/.m2/repository/com/vaadin/external/google/android-json/0.0.20131108.vaadin1/android-json-0.0.20131108.vaadin1.jar:/home/alvaro/.m2/repository/org/springframework/spring-core/5.1.3.RELEASE/spring-core-5.1.3.RELEASE.jar:/home/alvaro/.m2/repository/org/springframework/spring-jcl/5.1.3.RELEASE/spring-jcl-5.1.3.RELEASE.jar:/home/alvaro/.m2/repository/org/springframework/spring-test/5.1.3.RELEASE/spring-test-5.1.3.RELEASE.jar:/home/alvaro/.m2/repository/org/xmlunit/xmlunit-core/2.6.2/xmlunit-core-2.6.2.jar:"/>
    <property name="sun.cpu.endian" value="little"/>
    <property name="user.home" value="/home/alvaro"/>
    <property name="user.language" value="en"/>
    <property name="java.specification.vendor" value="Oracle Corporation"/>
    <property name="java.version.date" value="2018-09-25"/>
    <property name="java.home" value="/usr/lib/jvm/jdk-11"/>
    <property name="file.separator" value="/"/>
    <property name="basedir" value="/home/alvaro/Projects/webberis/spring/authentication-server"/>
    <property name="java.vm.compressedOopsMode" value="Zero based"/>
    <property name="line.separator" value="&#10;"/>
    <property name="java.specification.name" value="Java Platform API Specification"/>
    <property name="java.vm.specification.vendor" value="Oracle Corporation"/>
    <property name="java.awt.graphicsenv" value="sun.awt.X11GraphicsEnvironment"/>
    <property name="surefire.real.class.path" value="/home/alvaro/Projects/webberis/spring/authentication-server/target/surefire/surefirebooter15442189083164867082.jar"/>
    <property name="sun.management.compiler" value="HotSpot 64-Bit Tiered Compilers"/>
    <property name="java.runtime.version" value="11+28"/>
    <property name="user.name" value="alvaro"/>
    <property name="path.separator" value=":"/>
    <property name="os.version" value="4.13.0-46-generic"/>
    <property name="java.runtime.name" value="OpenJDK Runtime Environment"/>
    <property name="file.encoding" value="UTF-8"/>
    <property name="java.vm.name" value="OpenJDK 64-Bit Server VM"/>
    <property name="java.vendor.version" value="18.9"/>
    <property name="localRepository" value="/home/alvaro/.m2/repository"/>
    <property name="java.vendor.url.bug" value="http://bugreport.java.com/bugreport/"/>
    <property name="java.io.tmpdir" value="/tmp"/>
    <property name="java.version" value="11"/>
    <property name="user.dir" value="/home/alvaro/Projects/webberis/spring/authentication-server"/>
    <property name="os.arch" value="amd64"/>
    <property name="java.vm.specification.name" value="Java Virtual Machine Specification"/>
    <property name="java.awt.printerjob" value="sun.print.PSPrinterJob"/>
    <property name="sun.os.patch.level" value="unknown"/>
    <property name="java.library.path" value="/usr/java/packages/lib:/usr/lib64:/lib64:/lib:/usr/lib"/>
    <property name="java.vendor" value="Oracle Corporation"/>
    <property name="java.vm.info" value="mixed mode"/>
    <property name="java.vm.version" value="11+28"/>
    <property name="sun.io.unicode.encoding" value="UnicodeLittle"/>
    <property name="java.class.version" value="55.0"/>
  </properties>
  <testcase name="contextLoads" classname="com.webberis.ms.authenticationserver.AuthenticationServerApplicationTests" time="0.233"/>
</testsuite>